{"/Users/washington/Documents/workspace/mono-app/packages/session-recorder/src/batching.js": {"path":"/Users/washington/Documents/workspace/mono-app/packages/session-recorder/src/batching.js","all":false,"statementMap":{"0":{"start":{"line":1,"column":0},"end":{"line":1,"column":3}},"1":{"start":{"line":2,"column":0},"end":{"line":2,"column":67}},"2":{"start":{"line":3,"column":0},"end":{"line":3,"column":72}},"3":{"start":{"line":4,"column":0},"end":{"line":4,"column":3}},"5":{"start":{"line":6,"column":0},"end":{"line":6,"column":41}},"7":{"start":{"line":8,"column":0},"end":{"line":8,"column":27}},"8":{"start":{"line":9,"column":0},"end":{"line":9,"column":22}},"9":{"start":{"line":10,"column":0},"end":{"line":10,"column":23}},"10":{"start":{"line":11,"column":0},"end":{"line":11,"column":36}},"11":{"start":{"line":12,"column":0},"end":{"line":12,"column":19}},"12":{"start":{"line":13,"column":0},"end":{"line":13,"column":25}},"13":{"start":{"line":14,"column":0},"end":{"line":14,"column":34}},"14":{"start":{"line":15,"column":0},"end":{"line":15,"column":2}},"16":{"start":{"line":17,"column":0},"end":{"line":17,"column":10}},"17":{"start":{"line":18,"column":0},"end":{"line":18,"column":30}},"19":{"start":{"line":20,"column":0},"end":{"line":20,"column":34}},"20":{"start":{"line":21,"column":0},"end":{"line":21,"column":39}},"21":{"start":{"line":22,"column":0},"end":{"line":22,"column":32}},"22":{"start":{"line":23,"column":0},"end":{"line":23,"column":23}},"23":{"start":{"line":24,"column":0},"end":{"line":24,"column":4}},"24":{"start":{"line":25,"column":0},"end":{"line":25,"column":32}},"26":{"start":{"line":27,"column":0},"end":{"line":27,"column":77}},"27":{"start":{"line":28,"column":0},"end":{"line":28,"column":2}},"29":{"start":{"line":30,"column":0},"end":{"line":30,"column":9}},"30":{"start":{"line":31,"column":0},"end":{"line":31,"column":24}},"31":{"start":{"line":32,"column":0},"end":{"line":32,"column":34}},"32":{"start":{"line":33,"column":0},"end":{"line":33,"column":26}},"33":{"start":{"line":34,"column":0},"end":{"line":34,"column":3}},"34":{"start":{"line":35,"column":0},"end":{"line":35,"column":2}},"36":{"start":{"line":37,"column":0},"end":{"line":37,"column":18}},"37":{"start":{"line":38,"column":0},"end":{"line":38,"column":26}},"39":{"start":{"line":40,"column":0},"end":{"line":40,"column":89}},"41":{"start":{"line":42,"column":0},"end":{"line":42,"column":6}},"42":{"start":{"line":43,"column":0},"end":{"line":43,"column":49}},"43":{"start":{"line":44,"column":0},"end":{"line":44,"column":49}},"44":{"start":{"line":45,"column":0},"end":{"line":45,"column":5}},"45":{"start":{"line":46,"column":0},"end":{"line":46,"column":47}},"46":{"start":{"line":47,"column":0},"end":{"line":47,"column":35}},"47":{"start":{"line":48,"column":0},"end":{"line":48,"column":35}},"48":{"start":{"line":49,"column":0},"end":{"line":49,"column":6}},"49":{"start":{"line":50,"column":0},"end":{"line":50,"column":23}},"50":{"start":{"line":51,"column":0},"end":{"line":51,"column":3}},"51":{"start":{"line":52,"column":0},"end":{"line":52,"column":2}},"53":{"start":{"line":54,"column":0},"end":{"line":54,"column":27}},"54":{"start":{"line":55,"column":0},"end":{"line":55,"column":42}},"56":{"start":{"line":57,"column":0},"end":{"line":57,"column":41}},"57":{"start":{"line":58,"column":0},"end":{"line":58,"column":19}},"58":{"start":{"line":59,"column":0},"end":{"line":59,"column":34}},"60":{"start":{"line":61,"column":0},"end":{"line":61,"column":75}},"62":{"start":{"line":63,"column":0},"end":{"line":63,"column":50}},"63":{"start":{"line":64,"column":0},"end":{"line":64,"column":46}},"64":{"start":{"line":65,"column":0},"end":{"line":65,"column":3}},"66":{"start":{"line":67,"column":0},"end":{"line":67,"column":23}},"67":{"start":{"line":68,"column":0},"end":{"line":68,"column":2}},"69":{"start":{"line":70,"column":0},"end":{"line":70,"column":13}},"70":{"start":{"line":71,"column":0},"end":{"line":71,"column":10}},"71":{"start":{"line":72,"column":0},"end":{"line":72,"column":34}},"72":{"start":{"line":73,"column":0},"end":{"line":73,"column":90}},"73":{"start":{"line":74,"column":0},"end":{"line":74,"column":54}},"74":{"start":{"line":75,"column":0},"end":{"line":75,"column":4}},"75":{"start":{"line":76,"column":0},"end":{"line":76,"column":2}},"76":{"start":{"line":77,"column":0},"end":{"line":77,"column":1}}},"s":{"0":1,"1":1,"2":1,"3":1,"5":1,"7":1,"8":1,"9":27,"10":27,"11":27,"12":27,"13":27,"14":27,"16":1,"17":19,"19":18,"20":18,"21":2,"22":1,"23":1,"24":18,"26":18,"27":18,"29":1,"30":4,"31":3,"32":3,"33":3,"34":4,"36":1,"37":6,"39":6,"41":6,"42":6,"43":5,"44":6,"45":3,"46":3,"47":3,"48":3,"49":3,"50":3,"51":6,"53":1,"54":14,"56":11,"57":11,"58":11,"60":11,"62":11,"63":11,"64":11,"66":11,"67":11,"69":1,"70":2,"71":2,"72":2,"73":2,"74":2,"75":2,"76":1},"branchMap":{"0":{"type":"branch","line":9,"loc":{"start":{"line":9,"column":1},"end":{"line":15,"column":2}},"locations":[{"start":{"line":9,"column":1},"end":{"line":15,"column":2}}]},"1":{"type":"branch","line":17,"loc":{"start":{"line":17,"column":1},"end":{"line":28,"column":2}},"locations":[{"start":{"line":17,"column":1},"end":{"line":28,"column":2}}]},"2":{"type":"branch","line":18,"loc":{"start":{"line":18,"column":23},"end":{"line":18,"column":30}},"locations":[{"start":{"line":18,"column":23},"end":{"line":18,"column":30}}]},"3":{"type":"branch","line":18,"loc":{"start":{"line":18,"column":29},"end":{"line":28,"column":2}},"locations":[{"start":{"line":18,"column":29},"end":{"line":28,"column":2}}]},"4":{"type":"branch","line":21,"loc":{"start":{"line":21,"column":32},"end":{"line":25,"column":3}},"locations":[{"start":{"line":21,"column":32},"end":{"line":25,"column":3}}]},"5":{"type":"branch","line":22,"loc":{"start":{"line":22,"column":31},"end":{"line":24,"column":4}},"locations":[{"start":{"line":22,"column":31},"end":{"line":24,"column":4}}]},"6":{"type":"branch","line":30,"loc":{"start":{"line":30,"column":1},"end":{"line":35,"column":2}},"locations":[{"start":{"line":30,"column":1},"end":{"line":35,"column":2}}]},"7":{"type":"branch","line":31,"loc":{"start":{"line":31,"column":23},"end":{"line":34,"column":3}},"locations":[{"start":{"line":31,"column":23},"end":{"line":34,"column":3}}]},"8":{"type":"branch","line":37,"loc":{"start":{"line":37,"column":1},"end":{"line":52,"column":2}},"locations":[{"start":{"line":37,"column":1},"end":{"line":52,"column":2}}]},"9":{"type":"branch","line":43,"loc":{"start":{"line":43,"column":47},"end":{"line":44,"column":49}},"locations":[{"start":{"line":43,"column":47},"end":{"line":44,"column":49}}]},"10":{"type":"branch","line":45,"loc":{"start":{"line":45,"column":4},"end":{"line":51,"column":3}},"locations":[{"start":{"line":45,"column":4},"end":{"line":51,"column":3}}]},"11":{"type":"branch","line":54,"loc":{"start":{"line":54,"column":1},"end":{"line":68,"column":2}},"locations":[{"start":{"line":54,"column":1},"end":{"line":68,"column":2}}]},"12":{"type":"branch","line":55,"loc":{"start":{"line":55,"column":32},"end":{"line":55,"column":42}},"locations":[{"start":{"line":55,"column":32},"end":{"line":55,"column":42}}]},"13":{"type":"branch","line":55,"loc":{"start":{"line":55,"column":41},"end":{"line":68,"column":2}},"locations":[{"start":{"line":55,"column":41},"end":{"line":68,"column":2}}]},"14":{"type":"branch","line":70,"loc":{"start":{"line":70,"column":1},"end":{"line":76,"column":2}},"locations":[{"start":{"line":70,"column":1},"end":{"line":76,"column":2}}]}},"b":{"0":[27],"1":[19],"2":[1],"3":[18],"4":[2],"5":[1],"6":[4],"7":[3],"8":[6],"9":[5],"10":[3],"11":[14],"12":[3],"13":[11],"14":[2]},"fnMap":{"0":{"name":"BatchManager","decl":{"start":{"line":9,"column":1},"end":{"line":15,"column":2}},"loc":{"start":{"line":9,"column":1},"end":{"line":15,"column":2}},"line":9},"1":{"name":"start","decl":{"start":{"line":17,"column":1},"end":{"line":28,"column":2}},"loc":{"start":{"line":17,"column":1},"end":{"line":28,"column":2}},"line":17},"2":{"name":"stop","decl":{"start":{"line":30,"column":1},"end":{"line":35,"column":2}},"loc":{"start":{"line":30,"column":1},"end":{"line":35,"column":2}},"line":30},"3":{"name":"addEvent","decl":{"start":{"line":37,"column":1},"end":{"line":52,"column":2}},"loc":{"start":{"line":37,"column":1},"end":{"line":52,"column":2}},"line":37},"4":{"name":"flush","decl":{"start":{"line":54,"column":1},"end":{"line":68,"column":2}},"loc":{"start":{"line":54,"column":1},"end":{"line":68,"column":2}},"line":54},"5":{"name":"getStats","decl":{"start":{"line":70,"column":1},"end":{"line":76,"column":2}},"loc":{"start":{"line":70,"column":1},"end":{"line":76,"column":2}},"line":70}},"f":{"0":27,"1":19,"2":4,"3":6,"4":14,"5":2}}
,"/Users/washington/Documents/workspace/mono-app/packages/session-recorder/src/config.js": {"path":"/Users/washington/Documents/workspace/mono-app/packages/session-recorder/src/config.js","all":false,"statementMap":{"0":{"start":{"line":1,"column":0},"end":{"line":1,"column":3}},"1":{"start":{"line":2,"column":0},"end":{"line":2,"column":45}},"2":{"start":{"line":3,"column":0},"end":{"line":3,"column":3}},"4":{"start":{"line":5,"column":0},"end":{"line":5,"column":43}},"5":{"start":{"line":6,"column":0},"end":{"line":6,"column":16}},"6":{"start":{"line":7,"column":0},"end":{"line":7,"column":13}},"7":{"start":{"line":8,"column":0},"end":{"line":8,"column":11}},"8":{"start":{"line":9,"column":0},"end":{"line":9,"column":12}},"9":{"start":{"line":10,"column":0},"end":{"line":10,"column":16}},"10":{"start":{"line":11,"column":0},"end":{"line":11,"column":14}},"11":{"start":{"line":12,"column":0},"end":{"line":12,"column":14}},"12":{"start":{"line":13,"column":0},"end":{"line":13,"column":11}},"13":{"start":{"line":14,"column":0},"end":{"line":14,"column":14}},"14":{"start":{"line":15,"column":0},"end":{"line":15,"column":14}},"15":{"start":{"line":16,"column":0},"end":{"line":16,"column":13}},"16":{"start":{"line":17,"column":0},"end":{"line":17,"column":13}},"17":{"start":{"line":18,"column":0},"end":{"line":18,"column":2}},"19":{"start":{"line":20,"column":0},"end":{"line":20,"column":33}},"20":{"start":{"line":21,"column":0},"end":{"line":21,"column":66}},"21":{"start":{"line":22,"column":0},"end":{"line":22,"column":20}},"22":{"start":{"line":23,"column":0},"end":{"line":23,"column":14}},"23":{"start":{"line":24,"column":0},"end":{"line":24,"column":17}},"24":{"start":{"line":25,"column":0},"end":{"line":25,"column":14}},"25":{"start":{"line":26,"column":0},"end":{"line":26,"column":12}},"26":{"start":{"line":27,"column":0},"end":{"line":27,"column":3}},"27":{"start":{"line":28,"column":0},"end":{"line":28,"column":48}},"28":{"start":{"line":29,"column":0},"end":{"line":29,"column":48}},"29":{"start":{"line":30,"column":0},"end":{"line":30,"column":2}},"31":{"start":{"line":32,"column":0},"end":{"line":32,"column":31}},"32":{"start":{"line":33,"column":0},"end":{"line":33,"column":15}},"34":{"start":{"line":35,"column":0},"end":{"line":35,"column":21}},"35":{"start":{"line":36,"column":0},"end":{"line":36,"column":36}},"36":{"start":{"line":37,"column":0},"end":{"line":37,"column":73}},"37":{"start":{"line":38,"column":0},"end":{"line":38,"column":43}},"39":{"start":{"line":40,"column":0},"end":{"line":40,"column":28}},"40":{"start":{"line":41,"column":0},"end":{"line":41,"column":21}},"41":{"start":{"line":42,"column":0},"end":{"line":42,"column":46}},"42":{"start":{"line":43,"column":0},"end":{"line":43,"column":24}},"43":{"start":{"line":44,"column":0},"end":{"line":44,"column":26}},"45":{"start":{"line":46,"column":0},"end":{"line":46,"column":17}},"46":{"start":{"line":47,"column":0},"end":{"line":47,"column":57}},"47":{"start":{"line":48,"column":0},"end":{"line":48,"column":60}},"48":{"start":{"line":49,"column":0},"end":{"line":49,"column":56}},"49":{"start":{"line":50,"column":0},"end":{"line":50,"column":28}},"51":{"start":{"line":52,"column":0},"end":{"line":52,"column":13}},"52":{"start":{"line":53,"column":0},"end":{"line":53,"column":15}},"53":{"start":{"line":54,"column":0},"end":{"line":54,"column":18}},"54":{"start":{"line":55,"column":0},"end":{"line":55,"column":2}},"56":{"start":{"line":57,"column":0},"end":{"line":57,"column":46}},"57":{"start":{"line":58,"column":0},"end":{"line":58,"column":9}},"58":{"start":{"line":59,"column":0},"end":{"line":59,"column":20}},"59":{"start":{"line":60,"column":0},"end":{"line":60,"column":16}},"60":{"start":{"line":61,"column":0},"end":{"line":61,"column":21}},"61":{"start":{"line":62,"column":0},"end":{"line":62,"column":33}},"62":{"start":{"line":63,"column":0},"end":{"line":63,"column":41}},"63":{"start":{"line":64,"column":0},"end":{"line":64,"column":4}},"64":{"start":{"line":65,"column":0},"end":{"line":65,"column":13}},"65":{"start":{"line":66,"column":0},"end":{"line":66,"column":23}},"66":{"start":{"line":67,"column":0},"end":{"line":67,"column":34}},"67":{"start":{"line":68,"column":0},"end":{"line":68,"column":58}},"68":{"start":{"line":69,"column":0},"end":{"line":69,"column":87}},"69":{"start":{"line":70,"column":0},"end":{"line":70,"column":39}},"70":{"start":{"line":71,"column":0},"end":{"line":71,"column":3}},"71":{"start":{"line":72,"column":0},"end":{"line":72,"column":3}},"72":{"start":{"line":73,"column":0},"end":{"line":73,"column":1}}},"s":{"0":1,"1":1,"2":1,"4":1,"5":1,"6":1,"7":1,"8":1,"9":1,"10":1,"11":1,"12":1,"13":1,"14":1,"15":1,"16":1,"17":1,"19":1,"20":1,"21":1,"22":1,"23":1,"24":1,"25":1,"26":1,"27":1,"28":1,"29":1,"31":1,"32":1,"34":1,"35":1,"36":1,"37":1,"39":1,"40":1,"41":1,"42":1,"43":1,"45":1,"46":1,"47":1,"48":1,"49":1,"51":1,"52":1,"53":1,"54":1,"56":1,"57":28,"58":28,"59":28,"60":28,"61":28,"62":28,"63":28,"64":28,"65":28,"66":28,"67":28,"68":28,"69":28,"70":28,"71":28,"72":28},"branchMap":{"0":{"type":"branch","line":57,"loc":{"start":{"line":57,"column":7},"end":{"line":73,"column":1}},"locations":[{"start":{"line":57,"column":7},"end":{"line":73,"column":1}}]},"1":{"type":"branch","line":63,"loc":{"start":{"line":63,"column":35},"end":{"line":63,"column":40}},"locations":[{"start":{"line":63,"column":35},"end":{"line":63,"column":40}}]},"2":{"type":"branch","line":67,"loc":{"start":{"line":67,"column":27},"end":{"line":67,"column":32}},"locations":[{"start":{"line":67,"column":27},"end":{"line":67,"column":32}}]},"3":{"type":"branch","line":68,"loc":{"start":{"line":68,"column":40},"end":{"line":68,"column":58}},"locations":[{"start":{"line":68,"column":40},"end":{"line":68,"column":58}}]},"4":{"type":"branch","line":69,"loc":{"start":{"line":69,"column":4},"end":{"line":69,"column":87}},"locations":[{"start":{"line":69,"column":4},"end":{"line":69,"column":87}}]},"5":{"type":"branch","line":70,"loc":{"start":{"line":70,"column":4},"end":{"line":70,"column":39}},"locations":[{"start":{"line":70,"column":4},"end":{"line":70,"column":39}}]}},"b":{"0":[28],"1":[27],"2":[26],"3":[2],"4":[1],"5":[27]},"fnMap":{"0":{"name":"mergeConfig","decl":{"start":{"line":57,"column":7},"end":{"line":73,"column":1}},"loc":{"start":{"line":57,"column":7},"end":{"line":73,"column":1}},"line":57}},"f":{"0":28}}
,"/Users/washington/Documents/workspace/mono-app/packages/session-recorder/src/index.js": {"path":"/Users/washington/Documents/workspace/mono-app/packages/session-recorder/src/index.js","all":true,"statementMap":{"0":{"start":{"line":1,"column":0},"end":{"line":1,"column":3}},"1":{"start":{"line":2,"column":0},"end":{"line":2,"column":27}},"2":{"start":{"line":3,"column":0},"end":{"line":3,"column":76}},"3":{"start":{"line":4,"column":0},"end":{"line":4,"column":2}},"4":{"start":{"line":5,"column":0},"end":{"line":5,"column":43}},"5":{"start":{"line":6,"column":0},"end":{"line":6,"column":50}},"6":{"start":{"line":7,"column":0},"end":{"line":7,"column":72}},"7":{"start":{"line":8,"column":0},"end":{"line":8,"column":35}},"8":{"start":{"line":9,"column":0},"end":{"line":9,"column":44}},"9":{"start":{"line":10,"column":0},"end":{"line":10,"column":51}},"10":{"start":{"line":11,"column":0},"end":{"line":11,"column":3}},"12":{"start":{"line":13,"column":0},"end":{"line":13,"column":48}},"13":{"start":{"line":14,"column":0},"end":{"line":14,"column":8}}},"s":{"0":0,"1":0,"2":0,"3":0,"4":0,"5":0,"6":0,"7":0,"8":0,"9":0,"10":0,"12":0,"13":0},"branchMap":{"0":{"type":"branch","line":1,"loc":{"start":{"line":1,"column":575},"end":{"line":19,"column":21}},"locations":[{"start":{"line":1,"column":575},"end":{"line":19,"column":21}}]}},"b":{"0":[0]},"fnMap":{"0":{"name":"(empty-report)","decl":{"start":{"line":1,"column":575},"end":{"line":19,"column":21}},"loc":{"start":{"line":1,"column":575},"end":{"line":19,"column":21}},"line":1}},"f":{"0":0}}
,"/Users/washington/Documents/workspace/mono-app/packages/session-recorder/src/recorder.js": {"path":"/Users/washington/Documents/workspace/mono-app/packages/session-recorder/src/recorder.js","all":false,"statementMap":{"0":{"start":{"line":1,"column":0},"end":{"line":1,"column":3}},"1":{"start":{"line":2,"column":0},"end":{"line":2,"column":65}},"2":{"start":{"line":3,"column":0},"end":{"line":3,"column":3}},"4":{"start":{"line":5,"column":0},"end":{"line":5,"column":109}},"5":{"start":{"line":6,"column":0},"end":{"line":6,"column":45}},"6":{"start":{"line":7,"column":0},"end":{"line":7,"column":48}},"7":{"start":{"line":8,"column":0},"end":{"line":8,"column":74}},"9":{"start":{"line":10,"column":0},"end":{"line":10,"column":30}},"10":{"start":{"line":11,"column":0},"end":{"line":11,"column":31}},"11":{"start":{"line":12,"column":0},"end":{"line":12,"column":38}},"12":{"start":{"line":13,"column":0},"end":{"line":13,"column":69}},"13":{"start":{"line":14,"column":0},"end":{"line":14,"column":3}},"15":{"start":{"line":16,"column":0},"end":{"line":16,"column":31}},"16":{"start":{"line":17,"column":0},"end":{"line":17,"column":45}},"17":{"start":{"line":18,"column":0},"end":{"line":18,"column":3}},"19":{"start":{"line":20,"column":0},"end":{"line":20,"column":40}},"20":{"start":{"line":21,"column":0},"end":{"line":21,"column":42}},"21":{"start":{"line":22,"column":0},"end":{"line":22,"column":24}},"22":{"start":{"line":23,"column":0},"end":{"line":23,"column":28}},"23":{"start":{"line":24,"column":0},"end":{"line":24,"column":27}},"24":{"start":{"line":25,"column":0},"end":{"line":25,"column":27}},"25":{"start":{"line":26,"column":0},"end":{"line":26,"column":2}},"27":{"start":{"line":28,"column":0},"end":{"line":28,"column":10}},"28":{"start":{"line":29,"column":0},"end":{"line":29,"column":46}},"29":{"start":{"line":30,"column":0},"end":{"line":30,"column":40}},"31":{"start":{"line":32,"column":0},"end":{"line":32,"column":39}},"32":{"start":{"line":33,"column":0},"end":{"line":33,"column":26}},"34":{"start":{"line":35,"column":0},"end":{"line":35,"column":29}},"35":{"start":{"line":36,"column":0},"end":{"line":36,"column":40}},"36":{"start":{"line":37,"column":0},"end":{"line":37,"column":29}},"37":{"start":{"line":38,"column":0},"end":{"line":38,"column":44}},"38":{"start":{"line":39,"column":0},"end":{"line":39,"column":42}},"39":{"start":{"line":40,"column":0},"end":{"line":40,"column":36}},"40":{"start":{"line":41,"column":0},"end":{"line":41,"column":54}},"41":{"start":{"line":42,"column":0},"end":{"line":42,"column":5}},"43":{"start":{"line":44,"column":0},"end":{"line":44,"column":26}},"44":{"start":{"line":45,"column":0},"end":{"line":45,"column":31}},"45":{"start":{"line":46,"column":0},"end":{"line":46,"column":21}},"46":{"start":{"line":47,"column":0},"end":{"line":47,"column":48}},"47":{"start":{"line":48,"column":0},"end":{"line":48,"column":39}},"48":{"start":{"line":49,"column":0},"end":{"line":49,"column":5}},"49":{"start":{"line":50,"column":0},"end":{"line":50,"column":5}},"50":{"start":{"line":51,"column":0},"end":{"line":51,"column":50}},"51":{"start":{"line":52,"column":0},"end":{"line":52,"column":50}},"52":{"start":{"line":53,"column":0},"end":{"line":53,"column":44}},"53":{"start":{"line":54,"column":0},"end":{"line":54,"column":50}},"54":{"start":{"line":55,"column":0},"end":{"line":55,"column":38}},"55":{"start":{"line":56,"column":0},"end":{"line":56,"column":40}},"56":{"start":{"line":57,"column":0},"end":{"line":57,"column":50}},"57":{"start":{"line":58,"column":0},"end":{"line":58,"column":33}},"58":{"start":{"line":59,"column":0},"end":{"line":59,"column":5}},"60":{"start":{"line":61,"column":0},"end":{"line":61,"column":28}},"61":{"start":{"line":62,"column":0},"end":{"line":62,"column":33}},"63":{"start":{"line":64,"column":0},"end":{"line":64,"column":63}},"64":{"start":{"line":65,"column":0},"end":{"line":65,"column":24}},"65":{"start":{"line":66,"column":0},"end":{"line":66,"column":2}},"67":{"start":{"line":68,"column":0},"end":{"line":68,"column":15}},"68":{"start":{"line":69,"column":0},"end":{"line":69,"column":32}},"70":{"start":{"line":71,"column":0},"end":{"line":71,"column":64}},"72":{"start":{"line":73,"column":0},"end":{"line":73,"column":27}},"73":{"start":{"line":74,"column":0},"end":{"line":74,"column":24}},"74":{"start":{"line":75,"column":0},"end":{"line":75,"column":29}},"75":{"start":{"line":76,"column":0},"end":{"line":76,"column":3}},"77":{"start":{"line":78,"column":0},"end":{"line":78,"column":26}},"78":{"start":{"line":79,"column":0},"end":{"line":79,"column":28}},"79":{"start":{"line":80,"column":0},"end":{"line":80,"column":32}},"80":{"start":{"line":81,"column":0},"end":{"line":81,"column":3}},"82":{"start":{"line":83,"column":0},"end":{"line":83,"column":34}},"83":{"start":{"line":84,"column":0},"end":{"line":84,"column":27}},"84":{"start":{"line":85,"column":0},"end":{"line":85,"column":24}},"85":{"start":{"line":86,"column":0},"end":{"line":86,"column":27}},"86":{"start":{"line":87,"column":0},"end":{"line":87,"column":2}},"88":{"start":{"line":89,"column":0},"end":{"line":89,"column":45}},"89":{"start":{"line":90,"column":0},"end":{"line":90,"column":47}},"91":{"start":{"line":92,"column":0},"end":{"line":92,"column":34}},"92":{"start":{"line":93,"column":0},"end":{"line":93,"column":29}},"93":{"start":{"line":94,"column":0},"end":{"line":94,"column":10}},"94":{"start":{"line":95,"column":0},"end":{"line":95,"column":38}},"95":{"start":{"line":96,"column":0},"end":{"line":96,"column":5}},"97":{"start":{"line":98,"column":0},"end":{"line":98,"column":7}},"98":{"start":{"line":99,"column":0},"end":{"line":99,"column":51}},"99":{"start":{"line":100,"column":0},"end":{"line":100,"column":19}},"100":{"start":{"line":101,"column":0},"end":{"line":101,"column":52}},"101":{"start":{"line":102,"column":0},"end":{"line":102,"column":18}},"102":{"start":{"line":103,"column":0},"end":{"line":103,"column":23}},"103":{"start":{"line":104,"column":0},"end":{"line":104,"column":6}},"105":{"start":{"line":106,"column":0},"end":{"line":106,"column":88}},"106":{"start":{"line":107,"column":0},"end":{"line":107,"column":89}},"107":{"start":{"line":108,"column":0},"end":{"line":108,"column":19}},"108":{"start":{"line":109,"column":0},"end":{"line":109,"column":49}},"109":{"start":{"line":110,"column":0},"end":{"line":110,"column":44}},"110":{"start":{"line":111,"column":0},"end":{"line":111,"column":3}},"111":{"start":{"line":112,"column":0},"end":{"line":112,"column":2}},"113":{"start":{"line":114,"column":0},"end":{"line":114,"column":26}},"114":{"start":{"line":115,"column":0},"end":{"line":115,"column":57}},"115":{"start":{"line":116,"column":0},"end":{"line":116,"column":38}},"116":{"start":{"line":117,"column":0},"end":{"line":117,"column":2}},"118":{"start":{"line":119,"column":0},"end":{"line":119,"column":24}},"119":{"start":{"line":120,"column":0},"end":{"line":120,"column":57}},"120":{"start":{"line":121,"column":0},"end":{"line":121,"column":36}},"122":{"start":{"line":123,"column":0},"end":{"line":123,"column":33}},"123":{"start":{"line":124,"column":0},"end":{"line":124,"column":61}},"125":{"start":{"line":126,"column":0},"end":{"line":126,"column":36}},"126":{"start":{"line":127,"column":0},"end":{"line":127,"column":46}},"127":{"start":{"line":128,"column":0},"end":{"line":128,"column":35}},"128":{"start":{"line":129,"column":0},"end":{"line":129,"column":30}},"129":{"start":{"line":130,"column":0},"end":{"line":130,"column":18}},"130":{"start":{"line":131,"column":0},"end":{"line":131,"column":37}},"131":{"start":{"line":132,"column":0},"end":{"line":132,"column":6}},"133":{"start":{"line":134,"column":0},"end":{"line":134,"column":66}},"134":{"start":{"line":135,"column":0},"end":{"line":135,"column":65}},"135":{"start":{"line":136,"column":0},"end":{"line":136,"column":5}},"137":{"start":{"line":138,"column":0},"end":{"line":138,"column":49}},"138":{"start":{"line":139,"column":0},"end":{"line":139,"column":25}},"139":{"start":{"line":140,"column":0},"end":{"line":140,"column":29}},"140":{"start":{"line":141,"column":0},"end":{"line":141,"column":5}},"141":{"start":{"line":142,"column":0},"end":{"line":142,"column":2}},"143":{"start":{"line":144,"column":0},"end":{"line":144,"column":36}},"144":{"start":{"line":145,"column":0},"end":{"line":145,"column":37}},"146":{"start":{"line":147,"column":0},"end":{"line":147,"column":20}},"147":{"start":{"line":148,"column":0},"end":{"line":148,"column":24}},"149":{"start":{"line":150,"column":0},"end":{"line":150,"column":31}},"150":{"start":{"line":151,"column":0},"end":{"line":151,"column":39}},"151":{"start":{"line":152,"column":0},"end":{"line":152,"column":30}},"152":{"start":{"line":153,"column":0},"end":{"line":153,"column":36}},"153":{"start":{"line":154,"column":0},"end":{"line":154,"column":6}},"155":{"start":{"line":156,"column":0},"end":{"line":156,"column":66}},"156":{"start":{"line":157,"column":0},"end":{"line":157,"column":30}},"157":{"start":{"line":158,"column":0},"end":{"line":158,"column":27}},"158":{"start":{"line":159,"column":0},"end":{"line":159,"column":11}},"159":{"start":{"line":160,"column":0},"end":{"line":160,"column":29}},"160":{"start":{"line":161,"column":0},"end":{"line":161,"column":4}},"161":{"start":{"line":162,"column":0},"end":{"line":162,"column":3}},"163":{"start":{"line":164,"column":0},"end":{"line":164,"column":32}},"164":{"start":{"line":165,"column":0},"end":{"line":165,"column":29}},"165":{"start":{"line":166,"column":0},"end":{"line":166,"column":3}},"167":{"start":{"line":168,"column":0},"end":{"line":168,"column":16}},"168":{"start":{"line":169,"column":0},"end":{"line":169,"column":2}},"170":{"start":{"line":171,"column":0},"end":{"line":171,"column":28}},"171":{"start":{"line":172,"column":0},"end":{"line":172,"column":57}},"172":{"start":{"line":173,"column":0},"end":{"line":173,"column":35}},"173":{"start":{"line":174,"column":0},"end":{"line":174,"column":47}},"174":{"start":{"line":175,"column":0},"end":{"line":175,"column":31}},"175":{"start":{"line":176,"column":0},"end":{"line":176,"column":4}},"176":{"start":{"line":177,"column":0},"end":{"line":177,"column":4}},"178":{"start":{"line":179,"column":0},"end":{"line":179,"column":71}},"179":{"start":{"line":180,"column":0},"end":{"line":180,"column":59}},"180":{"start":{"line":181,"column":0},"end":{"line":181,"column":2}},"182":{"start":{"line":183,"column":0},"end":{"line":183,"column":29}},"183":{"start":{"line":184,"column":0},"end":{"line":184,"column":32}},"184":{"start":{"line":185,"column":0},"end":{"line":185,"column":75}},"185":{"start":{"line":186,"column":0},"end":{"line":186,"column":34}},"186":{"start":{"line":187,"column":0},"end":{"line":187,"column":3}},"187":{"start":{"line":188,"column":0},"end":{"line":188,"column":28}},"188":{"start":{"line":189,"column":0},"end":{"line":189,"column":63}},"189":{"start":{"line":190,"column":0},"end":{"line":190,"column":30}},"190":{"start":{"line":191,"column":0},"end":{"line":191,"column":3}},"191":{"start":{"line":192,"column":0},"end":{"line":192,"column":2}},"193":{"start":{"line":194,"column":0},"end":{"line":194,"column":14}},"194":{"start":{"line":195,"column":0},"end":{"line":195,"column":10}},"195":{"start":{"line":196,"column":0},"end":{"line":196,"column":33}},"196":{"start":{"line":197,"column":0},"end":{"line":197,"column":29}},"197":{"start":{"line":198,"column":0},"end":{"line":198,"column":73}},"198":{"start":{"line":199,"column":0},"end":{"line":199,"column":4}},"199":{"start":{"line":200,"column":0},"end":{"line":200,"column":2}},"200":{"start":{"line":201,"column":0},"end":{"line":201,"column":1}}},"s":{"0":1,"1":1,"2":1,"4":1,"5":1,"6":1,"7":1,"9":1,"10":1,"11":25,"12":1,"13":1,"15":25,"16":1,"17":1,"19":23,"20":23,"21":23,"22":23,"23":23,"24":23,"25":23,"27":1,"28":15,"29":15,"31":13,"32":13,"34":13,"35":13,"36":13,"37":13,"38":13,"39":13,"40":13,"41":13,"43":13,"44":13,"45":13,"46":0,"47":0,"48":0,"49":13,"50":13,"51":13,"52":13,"53":13,"54":13,"55":13,"56":13,"57":13,"58":13,"60":13,"61":13,"63":13,"64":13,"65":13,"67":1,"68":3,"70":2,"72":2,"73":2,"74":2,"75":2,"77":2,"78":2,"79":2,"80":2,"82":2,"83":2,"84":2,"85":2,"86":2,"88":1,"89":13,"91":12,"92":12,"93":12,"94":13,"95":13,"97":13,"98":13,"99":13,"100":13,"101":13,"102":13,"103":13,"105":11,"106":11,"107":13,"108":1,"109":1,"110":1,"111":13,"113":1,"114":2,"115":2,"116":2,"118":1,"119":6,"120":6,"122":5,"123":5,"125":5,"126":6,"127":6,"128":6,"129":6,"130":6,"131":6,"133":6,"134":6,"135":5,"137":5,"138":5,"139":5,"140":5,"141":5,"143":1,"144":7,"146":7,"147":7,"149":7,"150":13,"151":13,"152":13,"153":13,"155":13,"156":3,"157":3,"158":13,"159":10,"160":10,"161":13,"163":7,"164":7,"165":7,"167":7,"168":7,"170":1,"171":13,"172":13,"173":2,"174":1,"175":1,"176":13,"178":13,"179":13,"180":13,"182":1,"183":2,"184":2,"185":2,"186":2,"187":2,"188":2,"189":2,"190":2,"191":2,"193":1,"194":1,"195":1,"196":1,"197":1,"198":1,"199":1,"200":1},"branchMap":{"0":{"type":"branch","line":11,"loc":{"start":{"line":11,"column":1},"end":{"line":26,"column":2}},"locations":[{"start":{"line":11,"column":1},"end":{"line":26,"column":2}}]},"1":{"type":"branch","line":12,"loc":{"start":{"line":12,"column":37},"end":{"line":14,"column":3}},"locations":[{"start":{"line":12,"column":37},"end":{"line":14,"column":3}}]},"2":{"type":"branch","line":14,"loc":{"start":{"line":14,"column":2},"end":{"line":16,"column":30}},"locations":[{"start":{"line":14,"column":2},"end":{"line":16,"column":30}}]},"3":{"type":"branch","line":16,"loc":{"start":{"line":16,"column":30},"end":{"line":18,"column":3}},"locations":[{"start":{"line":16,"column":30},"end":{"line":18,"column":3}}]},"4":{"type":"branch","line":18,"loc":{"start":{"line":18,"column":2},"end":{"line":26,"column":2}},"locations":[{"start":{"line":18,"column":2},"end":{"line":26,"column":2}}]},"5":{"type":"branch","line":28,"loc":{"start":{"line":28,"column":1},"end":{"line":66,"column":2}},"locations":[{"start":{"line":28,"column":1},"end":{"line":66,"column":2}}]},"6":{"type":"branch","line":29,"loc":{"start":{"line":29,"column":24},"end":{"line":29,"column":46}},"locations":[{"start":{"line":29,"column":24},"end":{"line":29,"column":46}}]},"7":{"type":"branch","line":29,"loc":{"start":{"line":29,"column":45},"end":{"line":30,"column":28}},"locations":[{"start":{"line":29,"column":45},"end":{"line":30,"column":28}}]},"8":{"type":"branch","line":30,"loc":{"start":{"line":30,"column":28},"end":{"line":30,"column":40}},"locations":[{"start":{"line":30,"column":28},"end":{"line":30,"column":40}}]},"9":{"type":"branch","line":30,"loc":{"start":{"line":30,"column":39},"end":{"line":66,"column":2}},"locations":[{"start":{"line":30,"column":39},"end":{"line":66,"column":2}}]},"10":{"type":"branch","line":41,"loc":{"start":{"line":41,"column":12},"end":{"line":41,"column":54}},"locations":[{"start":{"line":41,"column":12},"end":{"line":41,"column":54}}]},"11":{"type":"branch","line":68,"loc":{"start":{"line":68,"column":1},"end":{"line":87,"column":2}},"locations":[{"start":{"line":68,"column":1},"end":{"line":87,"column":2}}]},"12":{"type":"branch","line":69,"loc":{"start":{"line":69,"column":25},"end":{"line":69,"column":32}},"locations":[{"start":{"line":69,"column":25},"end":{"line":69,"column":32}}]},"13":{"type":"branch","line":69,"loc":{"start":{"line":69,"column":31},"end":{"line":87,"column":2}},"locations":[{"start":{"line":69,"column":31},"end":{"line":87,"column":2}}]},"14":{"type":"branch","line":89,"loc":{"start":{"line":89,"column":1},"end":{"line":112,"column":2}},"locations":[{"start":{"line":89,"column":1},"end":{"line":112,"column":2}}]},"15":{"type":"branch","line":90,"loc":{"start":{"line":90,"column":26},"end":{"line":90,"column":38}},"locations":[{"start":{"line":90,"column":26},"end":{"line":90,"column":38}}]},"16":{"type":"branch","line":90,"loc":{"start":{"line":90,"column":40},"end":{"line":90,"column":47}},"locations":[{"start":{"line":90,"column":40},"end":{"line":90,"column":47}}]},"17":{"type":"branch","line":90,"loc":{"start":{"line":90,"column":46},"end":{"line":95,"column":16}},"locations":[{"start":{"line":90,"column":46},"end":{"line":95,"column":16}}]},"18":{"type":"branch","line":95,"loc":{"start":{"line":95,"column":16},"end":{"line":95,"column":37}},"locations":[{"start":{"line":95,"column":16},"end":{"line":95,"column":37}}]},"19":{"type":"branch","line":104,"loc":{"start":{"line":104,"column":5},"end":{"line":108,"column":4}},"locations":[{"start":{"line":104,"column":5},"end":{"line":108,"column":4}}]},"20":{"type":"branch","line":108,"loc":{"start":{"line":108,"column":4},"end":{"line":111,"column":3}},"locations":[{"start":{"line":108,"column":4},"end":{"line":111,"column":3}}]},"21":{"type":"branch","line":114,"loc":{"start":{"line":114,"column":1},"end":{"line":117,"column":2}},"locations":[{"start":{"line":114,"column":1},"end":{"line":117,"column":2}}]},"22":{"type":"branch","line":115,"loc":{"start":{"line":115,"column":51},"end":{"line":115,"column":56}},"locations":[{"start":{"line":115,"column":51},"end":{"line":115,"column":56}}]},"23":{"type":"branch","line":119,"loc":{"start":{"line":119,"column":1},"end":{"line":142,"column":2}},"locations":[{"start":{"line":119,"column":1},"end":{"line":142,"column":2}}]},"24":{"type":"branch","line":120,"loc":{"start":{"line":120,"column":51},"end":{"line":120,"column":56}},"locations":[{"start":{"line":120,"column":51},"end":{"line":120,"column":56}}]},"25":{"type":"branch","line":121,"loc":{"start":{"line":121,"column":29},"end":{"line":121,"column":36}},"locations":[{"start":{"line":121,"column":29},"end":{"line":121,"column":36}}]},"26":{"type":"branch","line":121,"loc":{"start":{"line":121,"column":35},"end":{"line":142,"column":2}},"locations":[{"start":{"line":121,"column":35},"end":{"line":142,"column":2}}]},"27":{"type":"branch","line":126,"loc":{"start":{"line":126,"column":17},"end":{"line":136,"column":3}},"locations":[{"start":{"line":126,"column":17},"end":{"line":136,"column":3}}]},"28":{"type":"branch","line":131,"loc":{"start":{"line":131,"column":15},"end":{"line":131,"column":36}},"locations":[{"start":{"line":131,"column":15},"end":{"line":131,"column":36}}]},"29":{"type":"branch","line":144,"loc":{"start":{"line":144,"column":1},"end":{"line":169,"column":2}},"locations":[{"start":{"line":144,"column":1},"end":{"line":169,"column":2}}]},"30":{"type":"branch","line":145,"loc":{"start":{"line":145,"column":27},"end":{"line":145,"column":37}},"locations":[{"start":{"line":145,"column":27},"end":{"line":145,"column":37}}]},"31":{"type":"branch","line":150,"loc":{"start":{"line":150,"column":30},"end":{"line":162,"column":3}},"locations":[{"start":{"line":150,"column":30},"end":{"line":162,"column":3}}]},"32":{"type":"branch","line":156,"loc":{"start":{"line":156,"column":37},"end":{"line":156,"column":63}},"locations":[{"start":{"line":156,"column":37},"end":{"line":156,"column":63}}]},"33":{"type":"branch","line":156,"loc":{"start":{"line":156,"column":65},"end":{"line":159,"column":4}},"locations":[{"start":{"line":156,"column":65},"end":{"line":159,"column":4}}]},"34":{"type":"branch","line":159,"loc":{"start":{"line":159,"column":4},"end":{"line":161,"column":4}},"locations":[{"start":{"line":159,"column":4},"end":{"line":161,"column":4}}]},"35":{"type":"branch","line":171,"loc":{"start":{"line":171,"column":1},"end":{"line":181,"column":2}},"locations":[{"start":{"line":171,"column":1},"end":{"line":181,"column":2}}]},"36":{"type":"branch","line":172,"loc":{"start":{"line":172,"column":24},"end":{"line":172,"column":56}},"locations":[{"start":{"line":172,"column":24},"end":{"line":172,"column":56}}]},"37":{"type":"branch","line":173,"loc":{"start":{"line":173,"column":28},"end":{"line":177,"column":3}},"locations":[{"start":{"line":173,"column":28},"end":{"line":177,"column":3}}]},"38":{"type":"branch","line":174,"loc":{"start":{"line":174,"column":46},"end":{"line":176,"column":4}},"locations":[{"start":{"line":174,"column":46},"end":{"line":176,"column":4}}]},"39":{"type":"branch","line":183,"loc":{"start":{"line":183,"column":1},"end":{"line":192,"column":2}},"locations":[{"start":{"line":183,"column":1},"end":{"line":192,"column":2}}]},"40":{"type":"branch","line":194,"loc":{"start":{"line":194,"column":1},"end":{"line":200,"column":2}},"locations":[{"start":{"line":194,"column":1},"end":{"line":200,"column":2}}]}},"b":{"0":[25],"1":[1],"2":[24],"3":[1],"4":[23],"5":[15],"6":[1],"7":[14],"8":[1],"9":[13],"10":[6],"11":[3],"12":[1],"13":[2],"14":[13],"15":[3],"16":[1],"17":[12],"18":[4],"19":[11],"20":[1],"21":[2],"22":[0],"23":[6],"24":[0],"25":[1],"26":[5],"27":[6],"28":[5],"29":[7],"30":[0],"31":[13],"32":[3],"33":[3],"34":[10],"35":[13],"36":[1],"37":[2],"38":[1],"39":[2],"40":[1]},"fnMap":{"0":{"name":"SessionRecorder","decl":{"start":{"line":11,"column":1},"end":{"line":26,"column":2}},"loc":{"start":{"line":11,"column":1},"end":{"line":26,"column":2}},"line":11},"1":{"name":"start","decl":{"start":{"line":28,"column":1},"end":{"line":66,"column":2}},"loc":{"start":{"line":28,"column":1},"end":{"line":66,"column":2}},"line":28},"2":{"name":"onFlush","decl":{"start":{"line":41,"column":12},"end":{"line":41,"column":54}},"loc":{"start":{"line":41,"column":12},"end":{"line":41,"column":54}},"line":41},"3":{"name":"emit","decl":{"start":{"line":46,"column":9},"end":{"line":50,"column":4}},"loc":{"start":{"line":46,"column":9},"end":{"line":50,"column":4}},"line":46},"4":{"name":"stop","decl":{"start":{"line":68,"column":1},"end":{"line":87,"column":2}},"loc":{"start":{"line":68,"column":1},"end":{"line":87,"column":2}},"line":68},"5":{"name":"_sendBatch","decl":{"start":{"line":89,"column":1},"end":{"line":112,"column":2}},"loc":{"start":{"line":89,"column":1},"end":{"line":112,"column":2}},"line":89},"6":{"name":"_sendFinalBatch","decl":{"start":{"line":114,"column":1},"end":{"line":117,"column":2}},"loc":{"start":{"line":114,"column":1},"end":{"line":117,"column":2}},"line":114},"7":{"name":"_sendFinalBatchSync","decl":{"start":{"line":119,"column":1},"end":{"line":142,"column":2}},"loc":{"start":{"line":119,"column":1},"end":{"line":142,"column":2}},"line":119},"8":{"name":"_splitIntoChunks","decl":{"start":{"line":144,"column":1},"end":{"line":169,"column":2}},"loc":{"start":{"line":144,"column":1},"end":{"line":169,"column":2}},"line":144},"9":{"name":"_setupPageUnloadHandler","decl":{"start":{"line":171,"column":1},"end":{"line":181,"column":2}},"loc":{"start":{"line":171,"column":1},"end":{"line":181,"column":2}},"line":171},"10":{"name":"_unloadHandler","decl":{"start":{"line":172,"column":24},"end":{"line":172,"column":56}},"loc":{"start":{"line":172,"column":24},"end":{"line":172,"column":56}},"line":172},"11":{"name":"_visibilityHandler","decl":{"start":{"line":173,"column":28},"end":{"line":177,"column":3}},"loc":{"start":{"line":173,"column":28},"end":{"line":177,"column":3}},"line":173},"12":{"name":"_removePageUnloadHandler","decl":{"start":{"line":183,"column":1},"end":{"line":192,"column":2}},"loc":{"start":{"line":183,"column":1},"end":{"line":192,"column":2}},"line":183},"13":{"name":"getStatus","decl":{"start":{"line":194,"column":1},"end":{"line":200,"column":2}},"loc":{"start":{"line":194,"column":1},"end":{"line":200,"column":2}},"line":194}},"f":{"0":25,"1":15,"2":6,"3":0,"4":3,"5":13,"6":2,"7":6,"8":7,"9":13,"10":1,"11":2,"12":2,"13":1}}
,"/Users/washington/Documents/workspace/mono-app/packages/session-recorder/src/utils.js": {"path":"/Users/washington/Documents/workspace/mono-app/packages/session-recorder/src/utils.js","all":false,"statementMap":{"0":{"start":{"line":1,"column":0},"end":{"line":1,"column":3}},"1":{"start":{"line":2,"column":0},"end":{"line":2,"column":41}},"2":{"start":{"line":3,"column":0},"end":{"line":3,"column":3}},"4":{"start":{"line":5,"column":0},"end":{"line":5,"column":37}},"5":{"start":{"line":6,"column":0},"end":{"line":6,"column":30}},"6":{"start":{"line":7,"column":0},"end":{"line":7,"column":60}},"7":{"start":{"line":8,"column":0},"end":{"line":8,"column":41}},"8":{"start":{"line":9,"column":0},"end":{"line":9,"column":1}},"10":{"start":{"line":11,"column":0},"end":{"line":11,"column":49}},"11":{"start":{"line":12,"column":0},"end":{"line":12,"column":38}},"12":{"start":{"line":13,"column":0},"end":{"line":13,"column":7}},"13":{"start":{"line":14,"column":0},"end":{"line":14,"column":21}},"14":{"start":{"line":15,"column":0},"end":{"line":15,"column":19}},"15":{"start":{"line":16,"column":0},"end":{"line":16,"column":46}},"16":{"start":{"line":17,"column":0},"end":{"line":17,"column":3}},"17":{"start":{"line":18,"column":0},"end":{"line":18,"column":2}},"18":{"start":{"line":19,"column":0},"end":{"line":19,"column":1}},"20":{"start":{"line":21,"column":0},"end":{"line":21,"column":44}},"21":{"start":{"line":22,"column":0},"end":{"line":22,"column":81}},"22":{"start":{"line":23,"column":0},"end":{"line":23,"column":55}},"23":{"start":{"line":24,"column":0},"end":{"line":24,"column":2}},"24":{"start":{"line":25,"column":0},"end":{"line":25,"column":1}}},"s":{"0":1,"1":1,"2":1,"4":1,"5":17,"6":17,"7":17,"8":17,"10":1,"11":17,"12":2,"13":2,"14":2,"15":1,"16":1,"17":2,"18":17,"20":1,"21":66,"22":1,"23":1,"24":66},"branchMap":{"0":{"type":"branch","line":5,"loc":{"start":{"line":5,"column":7},"end":{"line":9,"column":1}},"locations":[{"start":{"line":5,"column":7},"end":{"line":9,"column":1}}]},"1":{"type":"branch","line":11,"loc":{"start":{"line":11,"column":7},"end":{"line":19,"column":1}},"locations":[{"start":{"line":11,"column":7},"end":{"line":19,"column":1}}]},"2":{"type":"branch","line":12,"loc":{"start":{"line":12,"column":37},"end":{"line":18,"column":2}},"locations":[{"start":{"line":12,"column":37},"end":{"line":18,"column":2}}]},"3":{"type":"branch","line":15,"loc":{"start":{"line":15,"column":4},"end":{"line":17,"column":3}},"locations":[{"start":{"line":15,"column":4},"end":{"line":17,"column":3}}]},"4":{"type":"branch","line":21,"loc":{"start":{"line":21,"column":7},"end":{"line":25,"column":1}},"locations":[{"start":{"line":21,"column":7},"end":{"line":25,"column":1}}]},"5":{"type":"branch","line":22,"loc":{"start":{"line":22,"column":35},"end":{"line":22,"column":78}},"locations":[{"start":{"line":22,"column":35},"end":{"line":22,"column":78}}]},"6":{"type":"branch","line":22,"loc":{"start":{"line":22,"column":80},"end":{"line":24,"column":2}},"locations":[{"start":{"line":22,"column":80},"end":{"line":24,"column":2}}]}},"b":{"0":[17],"1":[17],"2":[2],"3":[1],"4":[66],"5":[65],"6":[1]},"fnMap":{"0":{"name":"generateSessionId","decl":{"start":{"line":5,"column":7},"end":{"line":9,"column":1}},"loc":{"start":{"line":5,"column":7},"end":{"line":9,"column":1}},"line":5},"1":{"name":"safeCallback","decl":{"start":{"line":11,"column":7},"end":{"line":19,"column":1}},"loc":{"start":{"line":11,"column":7},"end":{"line":19,"column":1}},"line":11},"2":{"name":"debugLog","decl":{"start":{"line":21,"column":7},"end":{"line":25,"column":1}},"loc":{"start":{"line":21,"column":7},"end":{"line":25,"column":1}},"line":21}},"f":{"0":17,"1":17,"2":66}}
}
